# JRE version: OpenJDK Runtime Environment Corretto-21.0.10.7.1 (21.0.10+7) (build 21.0.10+7-LTS)
# Java VM: OpenJDK 64-Bit Server VM Corretto-21.0.10.7.1 (21.0.10+7-LTS, mixed mode, sharing, tiered, compressed oops, compressed class ptrs, g1 gc, windows-amd64)
GC Precious Log:
 CardTable entry size: 512
 Card Set container configuration: InlinePtr #cards 5 size 8 Array Of Cards #cards 12 size 40 Howl #buckets 4 coarsen threshold 1843 Howl Bitmap #cards 512 size 80 coarsen threshold 460 Card regions per heap region 1 cards per card region 2048
 CPUs: 12 total, 12 available
 Memory: 7549M
 Large Page Support: Disabled
 NUMA Support: Disabled
 Compressed Oops: Enabled (32-bit)
 Heap Region Size: 1M
 Heap Min Capacity: 8M
 Heap Initial Capacity: 118M
 Heap Max Capacity: 512M
 Pre-touch: Disabled
 Parallel Workers: 10
 Concurrent Workers: 3
 Concurrent Refinement Workers: 10
 Periodic GC: Disabled
Heap:
 garbage-first heap   total 120832K, used 73346K [0x00000000e0000000, 0x0000000100000000)
  region size 1024K, 16 young (16384K), 6 survivors (6144K)
 Metaspace       used 38078K, committed 38592K, reserved 1114112K
  class space    used 4652K, committed 4864K, reserved 1048576K
GC Heap History (20 events):
Event: 1.270 GC heap before
{Heap before GC invocations=1 (full 0):
 garbage-first heap   total 120832K, used 37352K [0x00000000e0000000, 0x0000000100000000)
  region size 1024K, 31 young (31744K), 3 survivors (3072K)
 Metaspace       used 11797K, committed 12096K, reserved 1114112K
  class space    used 1287K, committed 1408K, reserved 1048576K
}
Event: 1.275 GC heap after
{Heap after GC invocations=2 (full 0):
 garbage-first heap   total 120832K, used 14336K [0x00000000e0000000, 0x0000000100000000)
  region size 1024K, 4 young (4096K), 4 survivors (4096K)
 Metaspace       used 11797K, committed 12096K, reserved 1114112K
  class space    used 1287K, committed 1408K, reserved 1048576K
}
Event: 1.907 GC heap before
{Heap before GC invocations=2 (full 0):
 garbage-first heap   total 120832K, used 61440K [0x00000000e0000000, 0x0000000100000000)
  region size 1024K, 50 young (51200K), 4 survivors (4096K)
 Metaspace       used 14470K, committed 14784K, reserved 1114112K
  class space    used 1585K, committed 1728K, reserved 1048576K
}
Event: 1.913 GC heap after
{Heap after GC invocations=3 (full 0):
 garbage-first heap   total 120832K, used 21562K [0x00000000e0000000, 0x0000000100000000)
  region size 1024K, 7 young (7168K), 7 survivors (7168K)
 Metaspace       used 14470K, committed 14784K, reserved 1114112K
  class space    used 1585K, committed 1728K, reserved 1048576K
}
Event: 2.640 GC heap before
{Heap before GC invocations=3 (full 0):
 garbage-first heap   total 120832K, used 85050K [0x00000000e0000000, 0x0000000100000000)
  region size 1024K, 69 young (70656K), 7 survivors (7168K)
 Metaspace       used 18363K, committed 18688K, reserved 1114112K
  class space    used 1996K, committed 2112K, reserved 1048576K
}
Event: 2.649 GC heap after
{Heap after GC invocations=4 (full 0):
 garbage-first heap   total 120832K, used 31222K [0x00000000e0000000, 0x0000000100000000)
  region size 1024K, 9 young (9216K), 9 survivors (9216K)
 Metaspace       used 18363K, committed 18688K, reserved 1114112K
  class space    used 1996K, committed 2112K, reserved 1048576K
}
Event: 3.148 GC heap before
{Heap before GC invocations=4 (full 0):
 garbage-first heap   total 120832K, used 85494K [0x00000000e0000000, 0x0000000100000000)
  region size 1024K, 62 young (63488K), 9 survivors (9216K)
 Metaspace       used 21052K, committed 21376K, reserved 1114112K
  class space    used 2269K, committed 2432K, reserved 1048576K
}
Event: 3.156 GC heap after
{Heap after GC invocations=5 (full 0):
 garbage-first heap   total 120832K, used 39643K [0x00000000e0000000, 0x0000000100000000)
  region size 1024K, 8 young (8192K), 8 survivors (8192K)
 Metaspace       used 21052K, committed 21376K, reserved 1114112K
  class space    used 2269K, committed 2432K, reserved 1048576K
}
Event: 3.189 GC heap before
{Heap before GC invocations=5 (full 0):
 garbage-first heap   total 120832K, used 42715K [0x00000000e0000000, 0x0000000100000000)
  region size 1024K, 12 young (12288K), 8 survivors (8192K)
 Metaspace       used 21233K, committed 21504K, reserved 1114112K
  class space    used 2285K, committed 2432K, reserved 1048576K
}
Event: 3.193 GC heap after
{Heap after GC invocations=6 (full 0):
 garbage-first heap   total 120832K, used 40938K [0x00000000e0000000, 0x0000000100000000)
  region size 1024K, 2 young (2048K), 2 survivors (2048K)
 Metaspace       used 21233K, committed 21504K, reserved 1114112K
  class space    used 2285K, committed 2432K, reserved 1048576K
}
Event: 3.717 GC heap before
{Heap before GC invocations=7 (full 0):
 garbage-first heap   total 120832K, used 97258K [0x00000000e0000000, 0x0000000100000000)
  region size 1024K, 57 young (58368K), 2 survivors (2048K)
 Metaspace       used 23694K, committed 24000K, reserved 1114112K
  class space    used 2615K, committed 2752K, reserved 1048576K
}
Event: 3.720 GC heap after
{Heap after GC invocations=8 (full 0):
 garbage-first heap   total 120832K, used 44643K [0x00000000e0000000, 0x0000000100000000)
  region size 1024K, 5 young (5120K), 5 survivors (5120K)
 Metaspace       used 23694K, committed 24000K, reserved 1114112K
  class space    used 2615K, committed 2752K, reserved 1048576K
}
Event: 4.447 GC heap before
{Heap before GC invocations=8 (full 0):
 garbage-first heap   total 120832K, used 99939K [0x00000000e0000000, 0x0000000100000000)
  region size 1024K, 59 young (60416K), 5 survivors (5120K)
 Metaspace       used 27064K, committed 27392K, reserved 1114112K
  class space    used 3183K, committed 3328K, reserved 1048576K
}
Event: 4.453 GC heap after
{Heap after GC invocations=9 (full 0):
 garbage-first heap   total 120832K, used 50562K [0x00000000e0000000, 0x0000000100000000)
  region size 1024K, 7 young (7168K), 7 survivors (7168K)
 Metaspace       used 27064K, committed 27392K, reserved 1114112K
  class space    used 3183K, committed 3328K, reserved 1048576K
}
Event: 7.382 GC heap before
{Heap before GC invocations=9 (full 0):
 garbage-first heap   total 120832K, used 100738K [0x00000000e0000000, 0x0000000100000000)
  region size 1024K, 57 young (58368K), 7 survivors (7168K)
 Metaspace       used 34412K, committed 34880K, reserved 1114112K
  class space    used 4128K, committed 4352K, reserved 1048576K
}
Event: 7.388 GC heap after
{Heap after GC invocations=10 (full 0):
 garbage-first heap   total 120832K, used 55759K [0x00000000e0000000, 0x0000000100000000)
  region size 1024K, 6 young (6144K), 6 survivors (6144K)
 Metaspace       used 34412K, committed 34880K, reserved 1114112K
  class space    used 4128K, committed 4352K, reserved 1048576K
}
Event: 7.693 GC heap before
{Heap before GC invocations=10 (full 0):
 garbage-first heap   total 120832K, used 77263K [0x00000000e0000000, 0x0000000100000000)
  region size 1024K, 28 young (28672K), 6 survivors (6144K)
 Metaspace       used 35654K, committed 36096K, reserved 1114112K
  class space    used 4322K, committed 4544K, reserved 1048576K
}
Event: 7.697 GC heap after
{Heap after GC invocations=11 (full 0):
 garbage-first heap   total 120832K, used 58802K [0x00000000e0000000, 0x0000000100000000)
  region size 1024K, 3 young (3072K), 3 survivors (3072K)
 Metaspace       used 35654K, committed 36096K, reserved 1114112K
  class space    used 4322K, committed 4544K, reserved 1048576K
}
Event: 21.865 GC heap before
{Heap before GC invocations=12 (full 0):
 garbage-first heap   total 120832K, used 104882K [0x00000000e0000000, 0x0000000100000000)
  region size 1024K, 48 young (49152K), 3 survivors (3072K)
 Metaspace       used 37771K, committed 38336K, reserved 1114112K
  class space    used 4617K, committed 4864K, reserved 1048576K
}
Event: 21.869 GC heap after
{Heap after GC invocations=13 (full 0):
 garbage-first heap   total 120832K, used 64130K [0x00000000e0000000, 0x0000000100000000)
  region size 1024K, 6 young (6144K), 6 survivors (6144K)
 Metaspace       used 37771K, committed 38336K, reserved 1114112K
  class space    used 4617K, committed 4864K, reserved 1048576K
}

