<?xml version="1.0" encoding="UTF-8"?>
<testsuite name="gui.signUp.SignUpTest" tests="1" skipped="0" failures="1" errors="0" timestamp="2026-04-14T05:03:22.631Z" hostname="LAPTOP-5VJ3FK7J" time="12.983">
  <properties/>
  <testcase name="Create user with valid Credentials" classname="gui.signUp.SignUpTest" time="12.983">
    <failure message="Element not found {img[alt='User profile']}&#13;&#10;Expected: visible&#13;&#10;Screenshot: file:/C:/Users/salam/IdeaProjects/OnlineStore/build/reports/tests/1776143015369.0.png&#13;&#10;Page source: file:/C:/Users/salam/IdeaProjects/OnlineStore/build/reports/tests/1776143015369.0.html&#13;&#10;Timeout: 4s&#13;&#10;Caused by: NoSuchElementException: no such element: Unable to locate element: {&quot;method&quot;:&quot;css selector&quot;,&quot;selector&quot;:&quot;img[alt='User profile']&quot;}" type="com.codeborne.selenide.ex.ElementNotFound">Element not found {img[alt='User profile']}
Expected: visible
Screenshot: file:/C:/Users/salam/IdeaProjects/OnlineStore/build/reports/tests/1776143015369.0.png
Page source: file:/C:/Users/salam/IdeaProjects/OnlineStore/build/reports/tests/1776143015369.0.html
Timeout: 4s
Caused by: NoSuchElementException: no such element: Unable to locate element: {&quot;method&quot;:&quot;css selector&quot;,&quot;selector&quot;:&quot;img[alt='User profile']&quot;}
	at app//com.codeborne.selenide.impl.WebElementSource.createElementNotFoundError(WebElementSource.java:89)
	at app//com.codeborne.selenide.impl.ElementFinder.createElementNotFoundError(ElementFinder.java:129)
	at app//com.codeborne.selenide.impl.WebElementSource.handleError(WebElementSource.java:140)
	at app//com.codeborne.selenide.impl.WebElementSource.checkConditionAndReturnElement(WebElementSource.java:123)
	at app//com.codeborne.selenide.impl.WebElementSource.checkCondition(WebElementSource.java:99)
	at app//com.codeborne.selenide.commands.Should.execute(Should.java:24)
	at app//com.codeborne.selenide.FluentCommand.execute(FluentCommand.java:27)
	at app//com.codeborne.selenide.FluentCommand.execute(FluentCommand.java:19)
	at app//com.codeborne.selenide.commands.Commands.execute(Commands.java:161)
	at app//com.codeborne.selenide.impl.SelenideElementProxy.dispatchAndRetry(SelenideElementProxy.java:138)
	at app//com.codeborne.selenide.impl.SelenideElementProxy.invoke(SelenideElementProxy.java:90)
	at app/jdk.proxy3/jdk.proxy3.$Proxy35.shouldBe(Unknown Source)
	at app//kg.benext.gui.pages.HomePage.verifyProfileImageIsDisplayed(HomePage.java:35)
	at app//gui.signUp.SignUpTest.createUserTest(SignUpTest.java:25)
	at java.base@24.0.2/java.lang.reflect.Method.invoke(Method.java:565)
	at java.base@24.0.2/java.util.ArrayList.forEach(ArrayList.java:1604)
	at java.base@24.0.2/java.util.ArrayList.forEach(ArrayList.java:1604)
Caused by: org.openqa.selenium.NoSuchElementException: no such element: Unable to locate element: {&quot;method&quot;:&quot;css selector&quot;,&quot;selector&quot;:&quot;img[alt='User profile']&quot;}
  (Session info: chrome=147.0.7727.56)
For documentation on this error, please visit: https://www.selenium.dev/documentation/webdriver/troubleshooting/errors#nosuchelementexception
Build info: version: '4.41.0', revision: '9fc754f'
System info: os.name: 'Windows 11', os.arch: 'amd64', os.version: '10.0', java.version: '24.0.2'
Driver info: org.openqa.selenium.chrome.ChromeDriver
Command: [a45ec85196f098260c9bb12c55e7a012, findElement {value=img[alt='User profile'], using=css selector}]
Capabilities {acceptInsecureCerts: true, browserName: chrome, browserVersion: 147.0.7727.56, chrome: {chromedriverVersion: 147.0.7727.56 (b28eac7a1a97..., userDataDir: C:\Users\salam\AppData\Loca...}, fedcm:accounts: true, goog:chromeOptions: {debuggerAddress: localhost:58216}, goog:processID: 20792, networkConnectionEnabled: false, pageLoadStrategy: normal, platformName: windows, proxy: Proxy(), se:cdp: ws://localhost:58216/devtoo..., se:cdpVersion: 147.0.7727.56, setWindowRect: true, strictFileInteractability: false, timeouts: {implicit: 0, pageLoad: 300000, script: 30000}, unhandledPromptBehavior: accept, webauthn:extension:credBlob: true, webauthn:extension:largeBlob: true, webauthn:extension:minPinLength: true, webauthn:extension:prf: true, webauthn:virtualAuthenticators: true}
Session ID: a45ec85196f098260c9bb12c55e7a012
	at app//org.openqa.selenium.remote.ErrorCodec.decode(ErrorCodec.java:169)
	at app//org.openqa.selenium.remote.codec.w3c.W3CHttpResponseCodec.decode(W3CHttpResponseCodec.java:142)
	at app//org.openqa.selenium.remote.codec.w3c.W3CHttpResponseCodec.decode(W3CHttpResponseCodec.java:49)
	at app//org.openqa.selenium.remote.HttpCommandExecutor.execute(HttpCommandExecutor.java:223)
	at app//org.openqa.selenium.remote.service.DriverCommandExecutor.invokeExecute(DriverCommandExecutor.java:216)
	at app//org.openqa.selenium.remote.service.DriverCommandExecutor.execute(DriverCommandExecutor.java:174)
	at app//org.openqa.selenium.remote.RemoteWebDriver.execute(RemoteWebDriver.java:604)
	at app//org.openqa.selenium.remote.ElementLocation$ElementFinder$2.findElement(ElementLocation.java:166)
	at app//org.openqa.selenium.remote.ElementLocation.findElement(ElementLocation.java:60)
	at app//org.openqa.selenium.remote.RemoteWebDriver.findElement(RemoteWebDriver.java:427)
	at app//org.openqa.selenium.remote.RemoteWebDriver.findElement(RemoteWebDriver.java:421)
	at app//com.codeborne.selenide.impl.WebElementSelector.findElement(WebElementSelector.java:67)
	at app//com.codeborne.selenide.impl.WebElementSelector.findElement(WebElementSelector.java:38)
	at app//com.codeborne.selenide.impl.WebElementSelector.findElement(WebElementSelector.java:29)
	at app//com.codeborne.selenide.impl.ElementFinder.getWebElement(ElementFinder.java:113)
	at app//com.codeborne.selenide.impl.WebElementSource.checkConditionAndReturnElement(WebElementSource.java:112)
	... 13 more
</failure>
  </testcase>
  <system-out><![CDATA[]]></system-out>
  <system-err><![CDATA[Apr 14, 2026 9:03:25 AM org.openqa.selenium.devtools.CdpVersionFinder findNearestMatch
WARNING: Unable to find an exact match for CDP version 147, returning the closest version; found: 145; Please update to a Selenium version that supports CDP version 147
]]></system-err>
</testsuite>
