<?xml version="1.0" encoding="UTF-8"?>
<testsuite name="gui.signUp.SignUpTest" tests="1" skipped="0" failures="0" errors="0" timestamp="2026-04-14T13:02:59.508Z" hostname="LAPTOP-5VJ3FK7J" time="7.678">
  <properties/>
  <testcase name="Verify all placeholders" classname="gui.signUp.SignUpTest" time="7.678"/>
  <system-out><![CDATA[]]></system-out>
  <system-err><![CDATA[Apr 14, 2026 5:03:01 PM org.openqa.selenium.devtools.CdpVersionFinder findNearestMatch
WARNING: Unable to find an exact match for CDP version 147, returning the closest version; found: 145; Please update to a Selenium version that supports CDP version 147
]]></system-err>
</testsuite>
